::1 - - [27/Mar/2019:19:46:33 -0300] "GET /phpmyadmin/ HTTP/1.1" 200 14050
::1 - - [27/Mar/2019:19:46:33 -0300] "POST /phpmyadmin/navigation.php?ajax_request=1 HTTP/1.1" 200 2136
::1 - - [27/Mar/2019:19:46:34 -0300] "POST /phpmyadmin/version_check.php HTTP/1.1" 200 64
::1 - - [27/Mar/2019:19:46:38 -0300] "GET /phpmyadmin/navigation.php?ajax_request=1&aPath=cm9vdA%3D%3D.c2lzdGVtYV9sb2dpbg%3D%3D&vPath=cm9vdA%3D%3D.c2lzdGVtYV9sb2dpbg%3D%3D&pos=0&pos2_name=&pos2_value=&searchClause=&searchClause2=&_nocache=1553726798265595501 HTTP/1.1" 200 1818
::1 - - [27/Mar/2019:19:46:39 -0300] "GET /phpmyadmin/sql.php?server=1&db=sistema_login&table=contatos&pos=0&ajax_request=true&ajax_page_request=true&_nocache=1553726799562283772 HTTP/1.1" 200 7079
::1 - - [27/Mar/2019:19:46:39 -0300] "GET /phpmyadmin/js/get_scripts.js.php?scripts%5B%5D=jquery/jquery.uitablefilter.js&scripts%5B%5D=tbl_change.js&scripts%5B%5D=gis_data_editor.js&scripts%5B%5D=multi_column_sort.js&scripts%5B%5D=makegrid.js&scripts%5B%5D=sql.js&call_done=1&v=4.7.5&call_done=1&v=4.7.5 HTTP/1.1" 200 38777
::1 - - [27/Mar/2019:19:46:39 -0300] "GET /phpmyadmin/themes/pmahomme/img/s_fulltext.png HTTP/1.1" 200 193
::1 - - [27/Mar/2019:19:46:39 -0300] "GET /phpmyadmin/themes/pmahomme/img/col_pointer.png HTTP/1.1" 200 113
::1 - - [27/Mar/2019:19:46:39 -0300] "GET /phpmyadmin/themes/pmahomme/img/col_drop.png HTTP/1.1" 200 132
::1 - - [27/Mar/2019:19:46:39 -0300] "GET /phpmyadmin/index.php?ajax_request=1&recent_table=1&no_debug=true&_nocache=1553726799911231064 HTTP/1.1" 200 1466
::1 - - [27/Mar/2019:19:46:58 -0300] "GET /crud HTTP/1.1" 301 235
::1 - - [27/Mar/2019:19:46:58 -0300] "GET /crud/ HTTP/1.1" 200 5499
::1 - - [27/Mar/2019:19:46:59 -0300] "GET /crud/css/bootstrap.min.css HTTP/1.1" 200 121200
::1 - - [27/Mar/2019:19:46:59 -0300] "GET /crud/css/style.css HTTP/1.1" 404 216
::1 - - [27/Mar/2019:19:46:59 -0300] "GET /crud/js/bootstrap.min.js HTTP/1.1" 200 37045
::1 - - [27/Mar/2019:19:46:59 -0300] "GET /crud/js/main.js HTTP/1.1" 200 989
::1 - - [27/Mar/2019:19:46:59 -0300] "GET /favicon.ico HTTP/1.1" 404 209
::1 - - [27/Mar/2019:19:47:08 -0300] "GET /sistema_login HTTP/1.1" 301 244
::1 - - [27/Mar/2019:19:47:08 -0300] "GET /sistema_login/ HTTP/1.1" 200 1837
::1 - - [27/Mar/2019:19:47:08 -0300] "GET /dist/css/bootstrap.min.css HTTP/1.1" 404 224
::1 - - [27/Mar/2019:19:47:08 -0300] "GET /sistema_login/signin.css HTTP/1.1" 200 809
::1 - - [27/Mar/2019:19:47:15 -0300] "GET /phpmyadmin/sql.php?server=1&db=sistema_login&table=users&pos=0&ajax_request=true&ajax_page_request=true&_nocache=1553726835738414402 HTTP/1.1" 200 6779
::1 - - [27/Mar/2019:19:47:16 -0300] "GET /phpmyadmin/index.php?ajax_request=1&recent_table=1&no_debug=true&_nocache=1553726836008380684 HTTP/1.1" 200 1477
::1 - - [27/Mar/2019:19:47:20 -0300] "GET /sistema_login/usuario.php HTTP/1.1" 200 1437
::1 - - [27/Mar/2019:19:47:22 -0300] "GET /sistema_login/usuario.php?act=upd&id=14 HTTP/1.1" 200 1544
::1 - - [27/Mar/2019:19:47:28 -0300] "POST /sistema_login/usuario.php?act=save HTTP/1.1" 200 1467
::1 - - [27/Mar/2019:19:47:34 -0300] "GET /sistema_login/logout.php HTTP/1.1" 302 -
::1 - - [27/Mar/2019:19:47:34 -0300] "GET /sistema_login/index.php HTTP/1.1" 200 1837
::1 - - [27/Mar/2019:19:47:34 -0300] "GET /dist/css/bootstrap.min.css HTTP/1.1" 404 224
::1 - - [27/Mar/2019:19:47:53 -0300] "POST /sistema_login/login.php HTTP/1.1" 302 -
::1 - - [27/Mar/2019:19:47:53 -0300] "GET /sistema_login/index.php HTTP/1.1" 302 1821
::1 - - [27/Mar/2019:19:47:53 -0300] "GET /sistema_login/agenda.php HTTP/1.1" 200 1647
::1 - - [27/Mar/2019:19:47:58 -0300] "GET /sistema_login/logout.php HTTP/1.1" 302 -
::1 - - [27/Mar/2019:19:47:58 -0300] "GET /sistema_login/index.php HTTP/1.1" 200 1837
::1 - - [27/Mar/2019:19:47:58 -0300] "GET /dist/css/bootstrap.min.css HTTP/1.1" 404 224
::1 - - [27/Mar/2019:19:48:53 -0300] "-" 408 -
