2018-10-31 19:23:00 7428 [Note] Plugin 'FEDERATED' is disabled.
2018-10-31 19:23:00 7428 [Note] InnoDB: Using atomics to ref count buffer pool pages
2018-10-31 19:23:00 7428 [Note] InnoDB: The InnoDB memory heap is disabled
2018-10-31 19:23:00 7428 [Note] InnoDB: Mutexes and rw_locks use Windows interlocked functions
2018-10-31 19:23:00 7428 [Note] InnoDB: Memory barrier is not used
2018-10-31 19:23:00 7428 [Note] InnoDB: Compressed tables use zlib 1.2.3
2018-10-31 19:23:00 7428 [Note] InnoDB: Not using CPU crc32 instructions
2018-10-31 19:23:00 7428 [Note] InnoDB: Initializing buffer pool, size = 128.0M
2018-10-31 19:23:00 7428 [Note] InnoDB: Completed initialization of buffer pool
2018-10-31 19:23:00 7428 [Note] InnoDB: Highest supported file format is Barracuda.
2018-10-31 19:23:01 7428 [Note] InnoDB: The log sequence numbers 1626134 and 1626134 in ibdata files do not match the log sequence number 1785817 in the ib_logfiles!
2018-10-31 19:23:01 7428 [Note] InnoDB: Database was not shutdown normally!
2018-10-31 19:23:01 7428 [Note] InnoDB: Starting crash recovery.
2018-10-31 19:23:01 7428 [Note] InnoDB: Reading tablespace information from the .ibd files...
2018-10-31 19:23:01 7428 [Note] InnoDB: Restoring possible half-written data pages 
2018-10-31 19:23:01 7428 [Note] InnoDB: from the doublewrite buffer...
2018-10-31 19:23:12 7428 [Note] InnoDB: 128 rollback segment(s) are active.
2018-10-31 19:23:12 7428 [Note] InnoDB: Waiting for purge to start
2018-10-31 19:23:13 7428 [Note] InnoDB: 5.6.34 started; log sequence number 1785817
2018-10-31 19:23:13 7428 [Note] Server hostname (bind-address): '*'; port: 3306
2018-10-31 19:23:13 7428 [Note] IPv6 is available.
2018-10-31 19:23:13 7428 [Note]   - '::' resolves to '::';
2018-10-31 19:23:13 7428 [Note] Server socket created on IP: '::'.
2018-10-31 19:23:13 7428 [Note] Event Scheduler: Loaded 0 events
2018-10-31 19:23:13 7428 [Note] C:\Users\Aluno.DESKTOP-3ASBCDM\Desktop\usbwebserver/mysql/bin/mysqld_usbwv8.exe: ready for connections.
Version: '5.6.34'  socket: ''  port: 3306  MySQL Community Server (GPL)
2018-10-31 21:03:29 9644 [Note] Plugin 'FEDERATED' is disabled.
2018-10-31 21:03:29 9644 [Note] InnoDB: Using atomics to ref count buffer pool pages
2018-10-31 21:03:29 9644 [Note] InnoDB: The InnoDB memory heap is disabled
2018-10-31 21:03:29 9644 [Note] InnoDB: Mutexes and rw_locks use Windows interlocked functions
2018-10-31 21:03:29 9644 [Note] InnoDB: Memory barrier is not used
2018-10-31 21:03:29 9644 [Note] InnoDB: Compressed tables use zlib 1.2.3
2018-10-31 21:03:29 9644 [Note] InnoDB: Not using CPU crc32 instructions
2018-10-31 21:03:29 9644 [Note] InnoDB: Initializing buffer pool, size = 128.0M
2018-10-31 21:03:29 9644 [Note] InnoDB: Completed initialization of buffer pool
2018-10-31 21:03:29 9644 [Note] InnoDB: Highest supported file format is Barracuda.
2018-10-31 21:03:29 9644 [Note] InnoDB: The log sequence numbers 1626134 and 1626134 in ibdata files do not match the log sequence number 1815610 in the ib_logfiles!
2018-10-31 21:03:29 9644 [Note] InnoDB: Database was not shutdown normally!
2018-10-31 21:03:29 9644 [Note] InnoDB: Starting crash recovery.
2018-10-31 21:03:29 9644 [Note] InnoDB: Reading tablespace information from the .ibd files...
2018-10-31 21:03:29 9644 [Note] InnoDB: Restoring possible half-written data pages 
2018-10-31 21:03:29 9644 [Note] InnoDB: from the doublewrite buffer...
2018-10-31 21:03:29 9644 [Note] InnoDB: 128 rollback segment(s) are active.
2018-10-31 21:03:29 9644 [Note] InnoDB: Waiting for purge to start
2018-10-31 21:03:30 9644 [Note] InnoDB: 5.6.34 started; log sequence number 1815610
2018-10-31 21:03:30 9644 [Note] Server hostname (bind-address): '*'; port: 3306
2018-10-31 21:03:30 9644 [Note] IPv6 is available.
2018-10-31 21:03:30 9644 [Note]   - '::' resolves to '::';
2018-10-31 21:03:30 9644 [Note] Server socket created on IP: '::'.
